00:29:23 **** Incremental Build of configuration Debug for project project9_CLCD ****
make all 
Building file: ../main.c
Invoking: AVR Compiler
avr-gcc -Wall -g2 -gstabs -O0 -fpack-struct -fshort-enums -ffunction-sections -fdata-sections -std=gnu99 -funsigned-char -funsigned-bitfields -mmcu=atmega32 -DF_CPU=12000000UL -MMD -MP -MF"main.d" -MT"main.o" -c -o "main.o" "../main.c"
In file included from ../main.c:12:
e:/work/embedded/tools/imt_sdk_win_64/winavr/lib/gcc/../../avr/include/util/delay.h:90:3: warning: #warning "Compiler optimizations disabled; functions from <util/delay.h> won't work as designed"
../main.c:13: warning: return type of 'main' is not 'int'
../main.c: In function 'main':
../main.c:30: warning: unused variable 'test'
../main.c:22: warning: unused variable 'pattern'
Finished building: ../main.c
 
Building target: project9_CLCD.elf
Invoking: AVR C Linker
avr-gcc -Wl,-Map,project9_CLCD.map -mmcu=atmega32 -o "project9_CLCD.elf"  ./CLCD_program.o ./DIO_program.o ./main.o   
Finished building target: project9_CLCD.elf
 
Invoking: AVR Create Extended Listing
avr-objdump -h -S project9_CLCD.elf  >"project9_CLCD.lss"
Finished building: project9_CLCD.lss
 
Create Flash image (ihex format)
avr-objcopy -R .eeprom -R .fuse -R .lock -R .signature -O ihex project9_CLCD.elf  "project9_CLCD.hex"
Finished building: project9_CLCD.hex
 
Invoking: Print Size
avr-size --format=avr --mcu=atmega32 project9_CLCD.elf
AVR Memory Usage
----------------
Device: atmega32

Program:    7276 bytes (22.2% Full)
(.text + .data + .bootloader)

Data:         48 bytes (2.3% Full)
(.data + .bss + .noinit)


Finished building: sizedummy
 

00:29:24 Build Finished (took 838ms)

