12:07:06 **** Incremental Build of configuration Debug for project project2 ****
make all 
Building file: ../main.c
Invoking: AVR Compiler
avr-gcc -Wall -g2 -gstabs -O0 -fpack-struct -fshort-enums -ffunction-sections -fdata-sections -std=gnu99 -funsigned-char -funsigned-bitfields -mmcu=atmega32 -DF_CPU=12000000UL -MMD -MP -MF"main.d" -MT"main.o" -c -o "main.o" "../main.c"
In file included from ../main.c:9:
e:/work/embedded/tools/imt_sdk_win_64/winavr/lib/gcc/../../avr/include/util/delay.h:90:3: warning: #warning "Compiler optimizations disabled; functions from <util/delay.h> won't work as designed"
../main.c:10: warning: return type of 'main' is not 'int'
Finished building: ../main.c
 
Building target: project2.elf
Invoking: AVR C Linker
avr-gcc -Wl,-Map,project2.map -mmcu=atmega32 -o "project2.elf"  ./main.o   
Finished building target: project2.elf
 
Invoking: AVR Create Extended Listing
avr-objdump -h -S project2.elf  >"project2.lss"
Finished building: project2.lss
 
Create Flash image (ihex format)
avr-objcopy -R .eeprom -R .fuse -R .lock -R .signature -O ihex project2.elf  "project2.hex"
Finished building: project2.hex
 
Invoking: Print Size
avr-size --format=avr --mcu=atmega32 project2.elf
AVR Memory Usage
----------------
Device: atmega32

Program:    3486 bytes (10.6% Full)
(.text + .data + .bootloader)

Data:          8 bytes (0.4% Full)
(.data + .bss + .noinit)


Finished building: sizedummy
 

12:07:06 Build Finished (took 673ms)

