18:02:37 **** Incremental Build of configuration Debug for project project4_traffic_lights ****
make all 
Building file: ../main.c
Invoking: AVR Compiler
avr-gcc -Wall -g2 -gstabs -O0 -fpack-struct -fshort-enums -ffunction-sections -fdata-sections -std=gnu99 -funsigned-char -funsigned-bitfields -mmcu=atmega32 -DF_CPU=12000000UL -MMD -MP -MF"main.d" -MT"main.o" -c -o "main.o" "../main.c"
In file included from ../main.c:8:
e:/work/embedded/tools/imt_sdk_win_64/winavr/lib/gcc/../../avr/include/util/delay.h:90:3: warning: #warning "Compiler optimizations disabled; functions from <util/delay.h> won't work as designed"
../main.c:21: warning: return type of 'main' is not 'int'
Finished building: ../main.c
 
Building target: project4_traffic_lights.elf
Invoking: AVR C Linker
avr-gcc -Wl,-Map,project4_traffic_lights.map -mmcu=atmega32 -o "project4_traffic_lights.elf"  ./main.o   
Finished building target: project4_traffic_lights.elf
 
Invoking: AVR Create Extended Listing
avr-objdump -h -S project4_traffic_lights.elf  >"project4_traffic_lights.lss"
Finished building: project4_traffic_lights.lss
 
Create Flash image (ihex format)
avr-objcopy -R .eeprom -R .fuse -R .lock -R .signature -O ihex project4_traffic_lights.elf  "project4_traffic_lights.hex"
Finished building: project4_traffic_lights.hex
 
Invoking: Print Size
avr-size --format=avr --mcu=atmega32 project4_traffic_lights.elf
AVR Memory Usage
----------------
Device: atmega32

Program:    3520 bytes (10.7% Full)
(.text + .data + .bootloader)

Data:         18 bytes (0.9% Full)
(.data + .bss + .noinit)


Finished building: sizedummy
 

18:02:38 Build Finished (took 996ms)

