15:48:54 **** Incremental Build of configuration Debug for project project3_7seg ****
make all 
Building file: ../main.c
Invoking: AVR Compiler
avr-gcc -Wall -g2 -gstabs -O0 -fpack-struct -fshort-enums -ffunction-sections -fdata-sections -std=gnu99 -funsigned-char -funsigned-bitfields -mmcu=atmega32 -DF_CPU=12000000UL -MMD -MP -MF"main.d" -MT"main.o" -c -o "main.o" "../main.c"
In file included from ../main.c:9:
e:/work/embedded/tools/imt_sdk_win_64/winavr/lib/gcc/../../avr/include/util/delay.h:90:3: warning: #warning "Compiler optimizations disabled; functions from <util/delay.h> won't work as designed"
../main.c:11: warning: return type of 'main' is not 'int'
Finished building: ../main.c
 
Building target: project3_7seg.elf
Invoking: AVR C Linker
avr-gcc -Wl,-Map,project3_7seg.map -mmcu=atmega32 -o "project3_7seg.elf"  ./main.o   
Finished building target: project3_7seg.elf
 
Invoking: AVR Create Extended Listing
avr-objdump -h -S project3_7seg.elf  >"project3_7seg.lss"
Finished building: project3_7seg.lss
 
Create Flash image (ihex format)
avr-objcopy -R .eeprom -R .fuse -R .lock -R .signature -O ihex project3_7seg.elf  "project3_7seg.hex"
Finished building: project3_7seg.hex
 
Invoking: Print Size
avr-size --format=avr --mcu=atmega32 project3_7seg.elf
AVR Memory Usage
----------------
Device: atmega32

Program:    3366 bytes (10.3% Full)
(.text + .data + .bootloader)

Data:         18 bytes (0.9% Full)
(.data + .bss + .noinit)


Finished building: sizedummy
 

15:48:55 Build Finished (took 945ms)

