19:55:46 **** Incremental Build of configuration Debug for project project5_pullupresistor ****
make all 
Building file: ../main.c
Invoking: AVR Compiler
avr-gcc -Wall -g2 -gstabs -O0 -fpack-struct -fshort-enums -ffunction-sections -fdata-sections -std=gnu99 -funsigned-char -funsigned-bitfields -mmcu=atmega32 -DF_CPU=12000000UL -MMD -MP -MF"main.d" -MT"main.o" -c -o "main.o" "../main.c"
../main.c:11: warning: return type of 'main' is not 'int'
Finished building: ../main.c
 
Building target: project5_pullupresistor.elf
Invoking: AVR C Linker
avr-gcc -Wl,-Map,project5_pullupresistor.map -mmcu=atmega32 -o "project5_pullupresistor.elf"  ./main.o   
Finished building target: project5_pullupresistor.elf
 
Invoking: AVR Create Extended Listing
avr-objdump -h -S project5_pullupresistor.elf  >"project5_pullupresistor.lss"
Finished building: project5_pullupresistor.lss
 
Create Flash image (ihex format)
avr-objcopy -R .eeprom -R .fuse -R .lock -R .signature -O ihex project5_pullupresistor.elf  "project5_pullupresistor.hex"
Finished building: project5_pullupresistor.hex
 
Invoking: Print Size
avr-size --format=avr --mcu=atmega32 project5_pullupresistor.elf
AVR Memory Usage
----------------
Device: atmega32

Program:     184 bytes (0.6% Full)
(.text + .data + .bootloader)

Data:          0 bytes (0.0% Full)
(.data + .bss + .noinit)


Finished building: sizedummy
 

19:55:47 Build Finished (took 788ms)

